c:\proj4\oop_proj4\oop_proj4\x64\debug\vc143.pdb
c:\proj4\oop_proj4\oop_proj4\x64\debug\vc143.idb
c:\proj4\oop_proj4\oop_proj4\x64\debug\record.obj
c:\proj4\oop_proj4\oop_proj4\x64\debug\play_instrument.obj
c:\proj4\oop_proj4\oop_proj4\x64\debug\instrument.obj
c:\users\sueun\source\oop-project4\oop_proj4\oop_proj4\x64\debug\vc142.pdb
c:\users\sueun\source\oop-project4\oop_proj4\oop_proj4\x64\debug\vc142.idb
c:\users\sueun\source\oop-project4\oop_proj4\oop_proj4\x64\debug\play_instrument.obj
c:\users\sueun\source\oop-project4\oop_proj4\oop_proj4\x64\debug\instrument.obj
c:\proj4\oop_proj4\oop_proj4\x64\debug\metronome.obj
c:\proj4\oop_proj4\x64\debug\oop_proj4.exe
c:\proj4\oop_proj4\oop_proj4\x64\debug\oop_proj4.ilk
c:\proj4\oop_proj4\x64\debug\oop_proj4.pdb
c:\proj4\oop_proj4\oop_proj4\x64\debug\vc142.idb
c:\proj4\oop_proj4\oop_proj4\x64\debug\vc142.pdb
c:\proj4\oop_proj4\x64\debug\oop_proj4.ilk
c:\proj4\oop_proj4\oop_proj4\x64\debug\oop_proj4.tlog\cl.command.1.tlog
c:\proj4\oop_proj4\oop_proj4\x64\debug\oop_proj4.tlog\cl.read.1.tlog
c:\proj4\oop_proj4\oop_proj4\x64\debug\oop_proj4.tlog\cl.write.1.tlog
c:\proj4\oop_proj4\oop_proj4\x64\debug\oop_proj4.tlog\link-cvtres.read.1.tlog
c:\proj4\oop_proj4\oop_proj4\x64\debug\oop_proj4.tlog\link-cvtres.write.1.tlog
c:\proj4\oop_proj4\oop_proj4\x64\debug\oop_proj4.tlog\link-rc.read.1.tlog
c:\proj4\oop_proj4\oop_proj4\x64\debug\oop_proj4.tlog\link-rc.write.1.tlog
c:\proj4\oop_proj4\oop_proj4\x64\debug\oop_proj4.tlog\link.command.1.tlog
c:\proj4\oop_proj4\oop_proj4\x64\debug\oop_proj4.tlog\link.read.1.tlog
c:\proj4\oop_proj4\oop_proj4\x64\debug\oop_proj4.tlog\link.read.2.tlog
c:\proj4\oop_proj4\oop_proj4\x64\debug\oop_proj4.tlog\link.write.1.tlog
